2022-05-08 01:45:58,579 - Log - INFO - ./upload_py
2022-05-08 01:46:42,736 - Log - INFO - ./upload_py
2022-05-08 01:46:42,740 - Log - INFO - {'title': 'modules', 'id': 'takkawa/modules', 'subtitle': '', 'description': '', 'isPrivate': True, 'licenses': [{'name': 'unknown'}], 'keywords': [], 'collaborators': [], 'data': [{'description': '01_py', 'name': 'fin_etl.py', 'totalBytes': 6116, 'columns': []}]}
2022-05-08 01:46:42,741 - Log - INFO - ['kaggle', 'datasets', 'version', '-p', './upload_py', '-m', '"01_py"']
2022-05-08 01:46:47,178 - Log - INFO - b"Warning: Your Kaggle API key is readable by other users on this system! To fix this, you can run 'chmod 600 /root/.kaggle/kaggle.json'\nStarting upload for file fin_etl.py\nUpload successful: fin_etl.py (6KB)\nDataset version creation error: Unable to find the requested dataset.\n"
2022-05-08 01:47:34,817 - Log - INFO - ./upload_py
2022-05-08 01:47:34,820 - Log - INFO - {'title': 'modules', 'id': 'takkawa/modules', 'subtitle': '', 'description': '', 'isPrivate': True, 'licenses': [{'name': 'unknown'}], 'keywords': [], 'collaborators': [], 'data': [{'description': '01_py', 'name': 'fin_etl.py', 'totalBytes': 6116, 'columns': []}]}
2022-05-08 01:47:34,822 - Log - INFO - ['kaggle', 'datasets', 'version', '-p', './upload_py', '-m', '"01_py"']
2022-05-08 23:43:25,227 - Log - INFO - ./upload_py
2022-05-08 23:43:25,235 - Log - INFO - {'title': 'modules', 'id': 'takkawa/modules', 'subtitle': '', 'description': '', 'isPrivate': True, 'licenses': [{'name': 'unknown'}], 'keywords': [], 'collaborators': [], 'data': [{'description': '01_py', 'name': 'preparefile.py', 'totalBytes': 1617, 'columns': []}, {'description': '01_py', 'name': 'fin_etl.py', 'totalBytes': 6885, 'columns': []}, {'description': '01_py', 'name': 'tech_etl.py', 'totalBytes': 4830, 'columns': []}]}
2022-05-08 23:43:25,236 - Log - INFO - ['kaggle', 'datasets', 'create', '-p', './upload_py', '-m', '"01_py"']
2022-05-08 23:43:25,237 - Log - INFO - ['kaggle', 'datasets', 'version', '-p', './upload_py', '-m', '"01_py"']
2022-06-27 00:03:05,335 - Log - INFO - ./upload_py
2022-06-27 00:03:05,343 - Log - INFO - {'title': 'modules', 'id': 'takkawa/modules', 'subtitle': '', 'description': '', 'isPrivate': True, 'licenses': [{'name': 'unknown'}], 'keywords': [], 'collaborators': [], 'data': [{'description': '01_py', 'name': 'tech_etl_online.py', 'totalBytes': 3511, 'columns': []}, {'description': '01_py', 'name': 'create_dataset.py', 'totalBytes': 8000, 'columns': []}, {'description': '01_py', 'name': 'fin_etl_online.py', 'totalBytes': 9878, 'columns': []}]}
2022-06-27 00:03:05,344 - Log - INFO - ['kaggle', 'datasets', 'create', '-p', './upload_py', '-m', '"01_py"']
2022-06-27 00:03:05,345 - Log - INFO - ['kaggle', 'datasets', 'version', '-p', './upload_py', '-m', '"01_py"']
2022-07-03 23:05:06,529 - Log - INFO - ./upload_py2
2022-07-03 23:05:06,537 - Log - INFO - {'title': 'jpx-modules2', 'id': 'takkawa/jpx-modules2', 'subtitle': '', 'description': '', 'isPrivate': True, 'licenses': [{'name': 'unknown'}], 'keywords': [], 'collaborators': [], 'data': [{'description': '01_py', 'name': 'tech_etl_online.py', 'totalBytes': 4205, 'columns': []}, {'description': '01_py', 'name': 'create_dataset.py', 'totalBytes': 9348, 'columns': []}, {'description': '01_py', 'name': 'fin_etl_online.py', 'totalBytes': 9886, 'columns': []}]}
2022-07-03 23:05:06,538 - Log - INFO - ['kaggle', 'datasets', 'create', '-p', './upload_py2', '-m', '"01_py"']
2022-07-03 23:05:06,539 - Log - INFO - ['kaggle', 'datasets', 'version', '-p', './upload_py2', '-m', '"01_py"']
2022-07-03 23:07:02,228 - Log - INFO - ./upload_py2
2022-07-03 23:07:02,238 - Log - INFO - {'title': 'jpx-modules2', 'id': 'takkawa/jpx-modules2', 'subtitle': '', 'description': '', 'isPrivate': True, 'licenses': [{'name': 'unknown'}], 'keywords': [], 'collaborators': [], 'data': [{'description': '01_py', 'name': 'tech_etl_online.py', 'totalBytes': 4205, 'columns': []}, {'description': '01_py', 'name': 'create_dataset.py', 'totalBytes': 9348, 'columns': []}, {'description': '01_py', 'name': 'fin_etl_online.py', 'totalBytes': 9886, 'columns': []}]}
2022-07-03 23:07:02,241 - Log - INFO - ['kaggle', 'datasets', 'init', '-p', './upload_py2']
2022-07-03 23:07:02,243 - Log - INFO - ['kaggle', 'datasets', 'version', '-p', './upload_py2', '-m', '"01_py"']
2022-07-03 23:07:02,465 - Log - INFO - b"Warning: Your Kaggle API key is readable by other users on this system! To fix this, you can run 'chmod 600 /root/.kaggle/kaggle.json'\nData package template written to: ./upload_py2/dataset-metadata.json\n"
2022-07-03 23:09:51,694 - Log - INFO - ./upload_py2
2022-07-03 23:09:51,704 - Log - INFO - {'title': 'jpx-modules2', 'id': 'takkawa/jpx-modules2', 'subtitle': '', 'description': '', 'isPrivate': True, 'licenses': [{'name': 'unknown'}], 'keywords': [], 'collaborators': [], 'data': [{'description': '01_py', 'name': 'tech_etl_online.py', 'totalBytes': 4205, 'columns': []}, {'description': '01_py', 'name': 'create_dataset.py', 'totalBytes': 9348, 'columns': []}, {'description': '01_py', 'name': 'fin_etl_online.py', 'totalBytes': 9886, 'columns': []}]}
2022-07-03 23:09:51,706 - Log - INFO - ['kaggle', 'datasets', 'init', '-p', './upload_py2']
2022-07-03 23:09:51,931 - Log - INFO - b"Warning: Your Kaggle API key is readable by other users on this system! To fix this, you can run 'chmod 600 /root/.kaggle/kaggle.json'\nData package template written to: ./upload_py2/dataset-metadata.json\n"
2022-07-03 23:15:09,201 - Log - INFO - ./upload_py2
2022-07-03 23:15:09,212 - Log - INFO - {'title': 'jpx-modules2', 'id': 'takkawa/jpx-modules2', 'subtitle': '', 'description': '', 'isPrivate': True, 'licenses': [{'name': 'unknown'}], 'keywords': [], 'collaborators': [], 'data': [{'description': '01_py', 'name': 'tech_etl_online.py', 'totalBytes': 4205, 'columns': []}, {'description': '01_py', 'name': 'create_dataset.py', 'totalBytes': 9348, 'columns': []}, {'description': '01_py', 'name': 'fin_etl_online.py', 'totalBytes': 9886, 'columns': []}]}
2022-07-03 23:15:09,217 - Log - INFO - ['kaggle', 'datasets', 'init', '-p', './upload_py2']
2022-07-03 23:15:09,219 - Log - INFO - ['kaggle', 'datasets', 'version', '-p', './upload_py2', '-m', '"01_py"']
2022-07-03 23:15:09,485 - Log - INFO - b"Warning: Your Kaggle API key is readable by other users on this system! To fix this, you can run 'chmod 600 /root/.kaggle/kaggle.json'\nData package template written to: ./upload_py2/dataset-metadata.json\n"
2022-07-03 23:16:35,378 - Log - INFO - ./upload_py2
2022-07-03 23:16:35,391 - Log - INFO - {'title': 'jpx-modules2', 'id': 'takkawa/jpx-modules2', 'subtitle': '', 'description': '', 'isPrivate': True, 'licenses': [{'name': 'unknown'}], 'keywords': [], 'collaborators': [], 'data': [{'description': '01_py', 'name': 'tech_etl_online.py', 'totalBytes': 4205, 'columns': []}, {'description': '01_py', 'name': 'create_dataset.py', 'totalBytes': 9348, 'columns': []}, {'description': '01_py', 'name': 'fin_etl_online.py', 'totalBytes': 9886, 'columns': []}]}
2022-07-03 23:16:35,413 - Log - INFO - ['kaggle', 'datasets', 'init', '-p', './upload_py2']
2022-07-03 23:16:35,437 - Log - INFO - ['kaggle', 'datasets', 'version', '-p', './upload_py2', '-m', '01_py']
2022-07-03 23:16:35,835 - Log - INFO - b"Warning: Your Kaggle API key is readable by other users on this system! To fix this, you can run 'chmod 600 /root/.kaggle/kaggle.json'\nData package template written to: ./upload_py2/dataset-metadata.json\n"
2022-07-03 23:18:21,620 - Log - INFO - ./upload_py2
2022-07-03 23:18:21,630 - Log - INFO - {'title': 'jpx-modules2', 'id': 'takkawa/jpx-modules2', 'subtitle': '', 'description': '', 'isPrivate': True, 'licenses': [{'name': 'unknown'}], 'keywords': [], 'collaborators': [], 'data': [{'description': '01_py', 'name': 'tech_etl_online.py', 'totalBytes': 4205, 'columns': []}, {'description': '01_py', 'name': 'create_dataset.py', 'totalBytes': 9348, 'columns': []}, {'description': '01_py', 'name': 'fin_etl_online.py', 'totalBytes': 9886, 'columns': []}]}
2022-07-03 23:18:21,635 - Log - INFO - ['kaggle', 'datasets', 'create', '-p', './upload_py2']
2022-07-03 23:18:21,645 - Log - INFO - ['kaggle', 'datasets', 'version', '-p', './upload_py2', '-m', '01_py']
2022-07-03 23:18:36,295 - Log - INFO - b"Warning: Your Kaggle API key is readable by other users on this system! To fix this, you can run 'chmod 600 /root/.kaggle/kaggle.json'\nStarting upload for file tech_etl_online.py\nUpload successful: tech_etl_online.py (4KB)\nStarting upload for file create_dataset.py\nUpload successful: create_dataset.py (9KB)\nStarting upload for file fin_etl_online.py\nUpload successful: fin_etl_online.py (10KB)\nYour private Dataset is being created. Please check progress at https://www.kaggle.com/datasets/takkawa/jpx-modules2\n"
2022-07-03 23:18:48,874 - Log - INFO - b"Warning: Your Kaggle API key is readable by other users on this system! To fix this, you can run 'chmod 600 /root/.kaggle/kaggle.json'\nStarting upload for file tech_etl_online.py\nUpload successful: tech_etl_online.py (4KB)\nStarting upload for file create_dataset.py\nUpload successful: create_dataset.py (9KB)\nStarting upload for file fin_etl_online.py\nUpload successful: fin_etl_online.py (10KB)\nDataset version is being created. Please check progress at https://www.kaggle.com/takkawa/jpx-modules2\n"
2022-07-03 23:53:43,810 - Log - INFO - ./upload_py
2022-07-03 23:53:43,826 - Log - INFO - {'title': 'modules', 'id': 'takkawa/modules', 'subtitle': '', 'description': '', 'isPrivate': True, 'licenses': [{'name': 'unknown'}], 'keywords': [], 'collaborators': [], 'data': [{'description': '01_py', 'name': 'tech_etl_online.py', 'totalBytes': 3513, 'columns': []}, {'description': '01_py', 'name': 'create_dataset.py', 'totalBytes': 8644, 'columns': []}, {'description': '01_py', 'name': 'fin_etl_online.py', 'totalBytes': 9886, 'columns': []}]}
2022-07-03 23:53:43,830 - Log - INFO - ['kaggle', 'datasets', 'create', '-p', './upload_py']
2022-07-03 23:53:43,847 - Log - INFO - ['kaggle', 'datasets', 'version', '-p', './upload_py', '-m', '01_py']
2022-07-03 23:53:56,613 - Log - INFO - b'Warning: Your Kaggle API key is readable by other users on this system! To fix this, you can run \'chmod 600 /root/.kaggle/kaggle.json\'\nStarting upload for file tech_etl_online.py\nUpload successful: tech_etl_online.py (3KB)\nStarting upload for file create_dataset.py\nUpload successful: create_dataset.py (8KB)\nStarting upload for file fin_etl_online.py\nUpload successful: fin_etl_online.py (10KB)\nDataset creation error: The requested title "modules" is already in use by a dataset. Please choose another title.\n'
2022-07-03 23:54:10,402 - Log - INFO - b"Warning: Your Kaggle API key is readable by other users on this system! To fix this, you can run 'chmod 600 /root/.kaggle/kaggle.json'\nStarting upload for file tech_etl_online.py\nUpload successful: tech_etl_online.py (3KB)\nStarting upload for file create_dataset.py\nUpload successful: create_dataset.py (8KB)\nStarting upload for file fin_etl_online.py\nUpload successful: fin_etl_online.py (10KB)\nDataset version is being created. Please check progress at https://www.kaggle.com/takkawa/modules\n"
2022-07-04 00:27:16,803 - Log - INFO - ./upload_py2
2022-07-04 00:27:16,819 - Log - INFO - {'title': 'jpx-modules2', 'id': 'takkawa/jpx-modules2', 'subtitle': '', 'description': '', 'isPrivate': True, 'licenses': [{'name': 'unknown'}], 'keywords': [], 'collaborators': [], 'data': [{'description': '01_py', 'name': 'tech_etl_online.py', 'totalBytes': 4205, 'columns': []}, {'description': '01_py', 'name': 'create_dataset.py', 'totalBytes': 9348, 'columns': []}, {'description': '01_py', 'name': 'fin_etl_online.py', 'totalBytes': 9886, 'columns': []}]}
2022-07-04 00:27:16,824 - Log - INFO - ['kaggle', 'datasets', 'version', '-p', './upload_py2', '-m', '01_py']
2022-07-04 00:27:29,368 - Log - INFO - b"Warning: Your Kaggle API key is readable by other users on this system! To fix this, you can run 'chmod 600 /root/.kaggle/kaggle.json'\nStarting upload for file tech_etl_online.py\nUpload successful: tech_etl_online.py (4KB)\nStarting upload for file create_dataset.py\nUpload successful: create_dataset.py (9KB)\nStarting upload for file fin_etl_online.py\nUpload successful: fin_etl_online.py (10KB)\nDataset version is being created. Please check progress at https://www.kaggle.com/takkawa/jpx-modules2\n"
2022-07-04 00:48:14,821 - Log - INFO - ./upload_py2
2022-07-04 00:48:14,840 - Log - INFO - {'title': 'jpx-modules2', 'id': 'takkawa/jpx-modules2', 'subtitle': '', 'description': '', 'isPrivate': True, 'licenses': [{'name': 'unknown'}], 'keywords': [], 'collaborators': [], 'data': [{'description': '01_py', 'name': 'tech_etl_online.py', 'totalBytes': 4205, 'columns': []}, {'description': '01_py', 'name': 'create_dataset.py', 'totalBytes': 9348, 'columns': []}, {'description': '01_py', 'name': 'fin_etl_online.py', 'totalBytes': 9886, 'columns': []}]}
2022-07-04 00:48:14,848 - Log - INFO - ['kaggle', 'datasets', 'version', '-p', './upload_py2', '-m', '01_py']
2022-07-04 00:48:29,496 - Log - INFO - b"Warning: Your Kaggle API key is readable by other users on this system! To fix this, you can run 'chmod 600 /root/.kaggle/kaggle.json'\nStarting upload for file tech_etl_online.py\nUpload successful: tech_etl_online.py (4KB)\nStarting upload for file create_dataset.py\nUpload successful: create_dataset.py (9KB)\nStarting upload for file fin_etl_online.py\nUpload successful: fin_etl_online.py (10KB)\nDataset version is being created. Please check progress at https://www.kaggle.com/takkawa/jpx-modules2\n"
2022-07-04 00:55:52,971 - Log - INFO - ./upload_py2
2022-07-04 00:55:52,992 - Log - INFO - {'title': 'jpx-modules2', 'id': 'takkawa/jpx-modules2', 'subtitle': '', 'description': '', 'isPrivate': True, 'licenses': [{'name': 'unknown'}], 'keywords': [], 'collaborators': [], 'data': [{'description': '01_py', 'name': 'tech_etl_online.py', 'totalBytes': 4205, 'columns': []}, {'description': '01_py', 'name': 'create_dataset.py', 'totalBytes': 9426, 'columns': []}, {'description': '01_py', 'name': 'fin_etl_online.py', 'totalBytes': 9886, 'columns': []}]}
2022-07-04 00:55:52,998 - Log - INFO - ['kaggle', 'datasets', 'version', '-p', './upload_py2', '-m', '01_py']
2022-07-04 00:56:06,427 - Log - INFO - b"Warning: Your Kaggle API key is readable by other users on this system! To fix this, you can run 'chmod 600 /root/.kaggle/kaggle.json'\nStarting upload for file tech_etl_online.py\nUpload successful: tech_etl_online.py (4KB)\nStarting upload for file create_dataset.py\nUpload successful: create_dataset.py (9KB)\nStarting upload for file fin_etl_online.py\nUpload successful: fin_etl_online.py (10KB)\nDataset version is being created. Please check progress at https://www.kaggle.com/takkawa/jpx-modules2\n"
2022-07-04 01:16:40,898 - Log - INFO - ./upload_py2
2022-07-04 01:16:40,920 - Log - INFO - {'title': 'jpx-modules2', 'id': 'takkawa/jpx-modules2', 'subtitle': '', 'description': '', 'isPrivate': True, 'licenses': [{'name': 'unknown'}], 'keywords': [], 'collaborators': [], 'data': [{'description': '01_py', 'name': 'tech_etl_online.py', 'totalBytes': 4295, 'columns': []}, {'description': '01_py', 'name': 'create_dataset.py', 'totalBytes': 9426, 'columns': []}, {'description': '01_py', 'name': 'fin_etl_online.py', 'totalBytes': 9886, 'columns': []}]}
2022-07-04 01:16:40,935 - Log - INFO - ['kaggle', 'datasets', 'version', '-p', './upload_py2', '-m', '01_py']
2022-07-04 01:16:54,469 - Log - INFO - b"Warning: Your Kaggle API key is readable by other users on this system! To fix this, you can run 'chmod 600 /root/.kaggle/kaggle.json'\nStarting upload for file tech_etl_online.py\nUpload successful: tech_etl_online.py (4KB)\nStarting upload for file create_dataset.py\nUpload successful: create_dataset.py (9KB)\nStarting upload for file fin_etl_online.py\nUpload successful: fin_etl_online.py (10KB)\nDataset version is being created. Please check progress at https://www.kaggle.com/takkawa/jpx-modules2\n"
2022-07-04 01:23:32,256 - Log - INFO - ./upload_py2
2022-07-04 01:23:32,272 - Log - INFO - {'title': 'jpx-modules2', 'id': 'takkawa/jpx-modules2', 'subtitle': '', 'description': '', 'isPrivate': True, 'licenses': [{'name': 'unknown'}], 'keywords': [], 'collaborators': [], 'data': [{'description': '01_py', 'name': 'tech_etl_online.py', 'totalBytes': 4295, 'columns': []}, {'description': '01_py', 'name': 'create_dataset.py', 'totalBytes': 9458, 'columns': []}, {'description': '01_py', 'name': 'fin_etl_online.py', 'totalBytes': 9886, 'columns': []}]}
2022-07-04 01:23:32,288 - Log - INFO - ['kaggle', 'datasets', 'version', '-p', './upload_py2', '-m', '01_py']
2022-07-04 01:23:45,361 - Log - INFO - b"Warning: Your Kaggle API key is readable by other users on this system! To fix this, you can run 'chmod 600 /root/.kaggle/kaggle.json'\nStarting upload for file tech_etl_online.py\nUpload successful: tech_etl_online.py (4KB)\nStarting upload for file create_dataset.py\nUpload successful: create_dataset.py (9KB)\nStarting upload for file fin_etl_online.py\nUpload successful: fin_etl_online.py (10KB)\nDataset version is being created. Please check progress at https://www.kaggle.com/takkawa/jpx-modules2\n"
2022-07-04 01:31:21,691 - Log - INFO - ./upload_py2
2022-07-04 01:31:21,714 - Log - INFO - {'title': 'jpx-modules2', 'id': 'takkawa/jpx-modules2', 'subtitle': '', 'description': '', 'isPrivate': True, 'licenses': [{'name': 'unknown'}], 'keywords': [], 'collaborators': [], 'data': [{'description': '01_py', 'name': 'tech_etl_online.py', 'totalBytes': 4365, 'columns': []}, {'description': '01_py', 'name': 'create_dataset.py', 'totalBytes': 9458, 'columns': []}, {'description': '01_py', 'name': 'fin_etl_online.py', 'totalBytes': 9886, 'columns': []}]}
2022-07-04 01:31:21,727 - Log - INFO - ['kaggle', 'datasets', 'version', '-p', './upload_py2', '-m', '01_py']
2022-07-04 01:31:37,996 - Log - INFO - b"Warning: Your Kaggle API key is readable by other users on this system! To fix this, you can run 'chmod 600 /root/.kaggle/kaggle.json'\nStarting upload for file tech_etl_online.py\nUpload successful: tech_etl_online.py (4KB)\nStarting upload for file create_dataset.py\nUpload successful: create_dataset.py (9KB)\nStarting upload for file fin_etl_online.py\nUpload successful: fin_etl_online.py (10KB)\nDataset version is being created. Please check progress at https://www.kaggle.com/takkawa/jpx-modules2\n"
2022-07-04 01:40:21,184 - Log - INFO - ./upload_py2
2022-07-04 01:40:21,201 - Log - INFO - {'title': 'jpx-modules2', 'id': 'takkawa/jpx-modules2', 'subtitle': '', 'description': '', 'isPrivate': True, 'licenses': [{'name': 'unknown'}], 'keywords': [], 'collaborators': [], 'data': [{'description': '01_py', 'name': 'tech_etl_online.py', 'totalBytes': 4365, 'columns': []}, {'description': '01_py', 'name': 'create_dataset.py', 'totalBytes': 9521, 'columns': []}, {'description': '01_py', 'name': 'fin_etl_online.py', 'totalBytes': 9886, 'columns': []}]}
2022-07-04 01:40:21,210 - Log - INFO - ['kaggle', 'datasets', 'version', '-p', './upload_py2', '-m', '01_py']
2022-07-04 01:40:35,248 - Log - INFO - b"Warning: Your Kaggle API key is readable by other users on this system! To fix this, you can run 'chmod 600 /root/.kaggle/kaggle.json'\nStarting upload for file tech_etl_online.py\nUpload successful: tech_etl_online.py (4KB)\nStarting upload for file create_dataset.py\nUpload successful: create_dataset.py (9KB)\nStarting upload for file fin_etl_online.py\nUpload successful: fin_etl_online.py (10KB)\nDataset version is being created. Please check progress at https://www.kaggle.com/takkawa/jpx-modules2\n"
2022-07-04 02:02:57,650 - Log - INFO - ./upload_py2
2022-07-04 02:02:57,695 - Log - INFO - {'title': 'jpx-modules2', 'id': 'takkawa/jpx-modules2', 'subtitle': '', 'description': '', 'isPrivate': True, 'licenses': [{'name': 'unknown'}], 'keywords': [], 'collaborators': [], 'data': [{'description': '01_py', 'name': 'tech_etl_online.py', 'totalBytes': 4389, 'columns': []}, {'description': '01_py', 'name': 'create_dataset.py', 'totalBytes': 9521, 'columns': []}, {'description': '01_py', 'name': 'fin_etl_online.py', 'totalBytes': 9886, 'columns': []}]}
2022-07-04 02:02:57,713 - Log - INFO - ['kaggle', 'datasets', 'version', '-p', './upload_py2', '-m', '01_py']
2022-07-04 02:03:14,534 - Log - INFO - b"Warning: Your Kaggle API key is readable by other users on this system! To fix this, you can run 'chmod 600 /root/.kaggle/kaggle.json'\nStarting upload for file tech_etl_online.py\nUpload successful: tech_etl_online.py (4KB)\nStarting upload for file create_dataset.py\nUpload successful: create_dataset.py (9KB)\nStarting upload for file fin_etl_online.py\nUpload successful: fin_etl_online.py (10KB)\nDataset version is being created. Please check progress at https://www.kaggle.com/takkawa/jpx-modules2\n"
2022-07-04 02:09:12,234 - Log - INFO - ./upload_py2
2022-07-04 02:09:12,268 - Log - INFO - {'title': 'jpx-modules2', 'id': 'takkawa/jpx-modules2', 'subtitle': '', 'description': '', 'isPrivate': True, 'licenses': [{'name': 'unknown'}], 'keywords': [], 'collaborators': [], 'data': [{'description': '01_py', 'name': 'tech_etl_online.py', 'totalBytes': 4453, 'columns': []}, {'description': '01_py', 'name': 'create_dataset.py', 'totalBytes': 9521, 'columns': []}, {'description': '01_py', 'name': 'fin_etl_online.py', 'totalBytes': 9886, 'columns': []}]}
2022-07-04 02:09:12,282 - Log - INFO - ['kaggle', 'datasets', 'version', '-p', './upload_py2', '-m', '01_py']
2022-07-04 02:09:27,004 - Log - INFO - b"Warning: Your Kaggle API key is readable by other users on this system! To fix this, you can run 'chmod 600 /root/.kaggle/kaggle.json'\nStarting upload for file tech_etl_online.py\nUpload successful: tech_etl_online.py (4KB)\nStarting upload for file create_dataset.py\nUpload successful: create_dataset.py (9KB)\nStarting upload for file fin_etl_online.py\nUpload successful: fin_etl_online.py (10KB)\nDataset version is being created. Please check progress at https://www.kaggle.com/takkawa/jpx-modules2\n"
2022-07-04 02:19:50,833 - Log - INFO - ./upload_py2
2022-07-04 02:19:50,857 - Log - INFO - {'title': 'jpx-modules2', 'id': 'takkawa/jpx-modules2', 'subtitle': '', 'description': '', 'isPrivate': True, 'licenses': [{'name': 'unknown'}], 'keywords': [], 'collaborators': [], 'data': [{'description': '01_py', 'name': 'tech_etl_online.py', 'totalBytes': 4412, 'columns': []}, {'description': '01_py', 'name': 'create_dataset.py', 'totalBytes': 9521, 'columns': []}, {'description': '01_py', 'name': 'fin_etl_online.py', 'totalBytes': 9886, 'columns': []}]}
2022-07-04 02:19:50,870 - Log - INFO - ['kaggle', 'datasets', 'version', '-p', './upload_py2', '-m', '01_py']
2022-07-04 02:20:04,533 - Log - INFO - b"Warning: Your Kaggle API key is readable by other users on this system! To fix this, you can run 'chmod 600 /root/.kaggle/kaggle.json'\nStarting upload for file tech_etl_online.py\nUpload successful: tech_etl_online.py (4KB)\nStarting upload for file create_dataset.py\nUpload successful: create_dataset.py (9KB)\nStarting upload for file fin_etl_online.py\nUpload successful: fin_etl_online.py (10KB)\nDataset version is being created. Please check progress at https://www.kaggle.com/takkawa/jpx-modules2\n"
2022-07-04 02:34:47,544 - Log - INFO - ./upload_py2
2022-07-04 02:34:47,566 - Log - INFO - {'title': 'jpx-modules2', 'id': 'takkawa/jpx-modules2', 'subtitle': '', 'description': '', 'isPrivate': True, 'licenses': [{'name': 'unknown'}], 'keywords': [], 'collaborators': [], 'data': [{'description': '01_py', 'name': 'tech_etl_online.py', 'totalBytes': 4587, 'columns': []}, {'description': '01_py', 'name': 'create_dataset.py', 'totalBytes': 9521, 'columns': []}, {'description': '01_py', 'name': 'fin_etl_online.py', 'totalBytes': 9886, 'columns': []}]}
2022-07-04 02:34:47,582 - Log - INFO - ['kaggle', 'datasets', 'version', '-p', './upload_py2', '-m', '01_py']
2022-07-04 02:35:03,526 - Log - INFO - b"Warning: Your Kaggle API key is readable by other users on this system! To fix this, you can run 'chmod 600 /root/.kaggle/kaggle.json'\nStarting upload for file tech_etl_online.py\nUpload successful: tech_etl_online.py (4KB)\nStarting upload for file create_dataset.py\nUpload successful: create_dataset.py (9KB)\nStarting upload for file fin_etl_online.py\nUpload successful: fin_etl_online.py (10KB)\nDataset version is being created. Please check progress at https://www.kaggle.com/takkawa/jpx-modules2\n"
2022-07-04 02:40:44,529 - Log - INFO - ./upload_py2
2022-07-04 02:40:44,559 - Log - INFO - {'title': 'jpx-modules2', 'id': 'takkawa/jpx-modules2', 'subtitle': '', 'description': '', 'isPrivate': True, 'licenses': [{'name': 'unknown'}], 'keywords': [], 'collaborators': [], 'data': [{'description': '01_py', 'name': 'tech_etl_online.py', 'totalBytes': 4609, 'columns': []}, {'description': '01_py', 'name': 'create_dataset.py', 'totalBytes': 9521, 'columns': []}, {'description': '01_py', 'name': 'fin_etl_online.py', 'totalBytes': 9886, 'columns': []}]}
2022-07-04 02:40:44,575 - Log - INFO - ['kaggle', 'datasets', 'version', '-p', './upload_py2', '-m', '01_py']
2022-07-04 02:41:03,638 - Log - INFO - b"Warning: Your Kaggle API key is readable by other users on this system! To fix this, you can run 'chmod 600 /root/.kaggle/kaggle.json'\nStarting upload for file tech_etl_online.py\nUpload successful: tech_etl_online.py (5KB)\nStarting upload for file create_dataset.py\nUpload successful: create_dataset.py (9KB)\nStarting upload for file fin_etl_online.py\nUpload successful: fin_etl_online.py (10KB)\nDataset version is being created. Please check progress at https://www.kaggle.com/takkawa/jpx-modules2\n"
2022-07-04 03:03:21,829 - Log - INFO - ./upload_py2
2022-07-04 03:03:21,858 - Log - INFO - {'title': 'jpx-modules2', 'id': 'takkawa/jpx-modules2', 'subtitle': '', 'description': '', 'isPrivate': True, 'licenses': [{'name': 'unknown'}], 'keywords': [], 'collaborators': [], 'data': [{'description': '01_py', 'name': 'tech_etl_online.py', 'totalBytes': 4564, 'columns': []}, {'description': '01_py', 'name': 'create_dataset.py', 'totalBytes': 9651, 'columns': []}, {'description': '01_py', 'name': 'fin_etl_online.py', 'totalBytes': 9886, 'columns': []}]}
2022-07-04 03:03:21,880 - Log - INFO - ['kaggle', 'datasets', 'version', '-p', './upload_py2', '-m', '01_py']
2022-07-04 03:03:37,624 - Log - INFO - b"Warning: Your Kaggle API key is readable by other users on this system! To fix this, you can run 'chmod 600 /root/.kaggle/kaggle.json'\nStarting upload for file tech_etl_online.py\nUpload successful: tech_etl_online.py (4KB)\nStarting upload for file create_dataset.py\nUpload successful: create_dataset.py (9KB)\nStarting upload for file fin_etl_online.py\nUpload successful: fin_etl_online.py (10KB)\nDataset version is being created. Please check progress at https://www.kaggle.com/takkawa/jpx-modules2\n"
2022-07-04 03:12:14,645 - Log - INFO - ./upload_py2
2022-07-04 03:12:14,695 - Log - INFO - {'title': 'jpx-modules2', 'id': 'takkawa/jpx-modules2', 'subtitle': '', 'description': '', 'isPrivate': True, 'licenses': [{'name': 'unknown'}], 'keywords': [], 'collaborators': [], 'data': [{'description': '01_py', 'name': 'tech_etl_online.py', 'totalBytes': 4564, 'columns': []}, {'description': '01_py', 'name': 'create_dataset.py', 'totalBytes': 9666, 'columns': []}, {'description': '01_py', 'name': 'fin_etl_online.py', 'totalBytes': 9886, 'columns': []}]}
2022-07-04 03:12:14,723 - Log - INFO - ['kaggle', 'datasets', 'version', '-p', './upload_py2', '-m', '01_py']
2022-07-04 03:12:28,923 - Log - INFO - b"Warning: Your Kaggle API key is readable by other users on this system! To fix this, you can run 'chmod 600 /root/.kaggle/kaggle.json'\nStarting upload for file tech_etl_online.py\nUpload successful: tech_etl_online.py (4KB)\nStarting upload for file create_dataset.py\nUpload successful: create_dataset.py (9KB)\nStarting upload for file fin_etl_online.py\nUpload successful: fin_etl_online.py (10KB)\nDataset version is being created. Please check progress at https://www.kaggle.com/takkawa/jpx-modules2\n"
2022-07-04 03:31:25,787 - Log - INFO - ./upload_py2
2022-07-04 03:31:25,829 - Log - INFO - {'title': 'jpx-modules2', 'id': 'takkawa/jpx-modules2', 'subtitle': '', 'description': '', 'isPrivate': True, 'licenses': [{'name': 'unknown'}], 'keywords': [], 'collaborators': [], 'data': [{'description': '01_py', 'name': 'tech_etl_online.py', 'totalBytes': 4564, 'columns': []}, {'description': '01_py', 'name': 'create_dataset.py', 'totalBytes': 9674, 'columns': []}, {'description': '01_py', 'name': 'fin_etl_online.py', 'totalBytes': 9886, 'columns': []}]}
2022-07-04 03:31:25,852 - Log - INFO - ['kaggle', 'datasets', 'version', '-p', './upload_py2', '-m', '01_py']
2022-07-04 03:31:41,789 - Log - INFO - b"Warning: Your Kaggle API key is readable by other users on this system! To fix this, you can run 'chmod 600 /root/.kaggle/kaggle.json'\nStarting upload for file tech_etl_online.py\nUpload successful: tech_etl_online.py (4KB)\nStarting upload for file create_dataset.py\nUpload successful: create_dataset.py (9KB)\nStarting upload for file fin_etl_online.py\nUpload successful: fin_etl_online.py (10KB)\nDataset version is being created. Please check progress at https://www.kaggle.com/takkawa/jpx-modules2\n"
2022-07-04 12:35:42,825 - Log - INFO - ./upload_py3
2022-07-04 12:35:42,866 - Log - INFO - {'title': 'jpx-modules3', 'id': 'takkawa/jpx-modules3', 'subtitle': '', 'description': '', 'isPrivate': True, 'licenses': [{'name': 'unknown'}], 'keywords': [], 'collaborators': [], 'data': [{'description': '01_py', 'name': 'tech_etl_online.py', 'totalBytes': 4723, 'columns': []}, {'description': '01_py', 'name': 'create_dataset.py', 'totalBytes': 9767, 'columns': []}, {'description': '01_py', 'name': 'fin_etl_online.py', 'totalBytes': 9886, 'columns': []}]}
2022-07-04 12:35:42,886 - Log - INFO - ['kaggle', 'datasets', 'create', '-p', './upload_py3']
2022-07-04 12:35:42,903 - Log - INFO - ['kaggle', 'datasets', 'version', '-p', './upload_py3', '-m', '01_py']
2022-07-04 12:35:58,924 - Log - INFO - b"Warning: Your Kaggle API key is readable by other users on this system! To fix this, you can run 'chmod 600 /root/.kaggle/kaggle.json'\nStarting upload for file tech_etl_online.py\nUpload successful: tech_etl_online.py (5KB)\nStarting upload for file create_dataset.py\nUpload successful: create_dataset.py (10KB)\nStarting upload for file fin_etl_online.py\nUpload successful: fin_etl_online.py (10KB)\nYour private Dataset is being created. Please check progress at https://www.kaggle.com/datasets/takkawa/jpx-modules3\n"
2022-07-04 12:36:11,949 - Log - INFO - b"Warning: Your Kaggle API key is readable by other users on this system! To fix this, you can run 'chmod 600 /root/.kaggle/kaggle.json'\nStarting upload for file tech_etl_online.py\nUpload successful: tech_etl_online.py (5KB)\nStarting upload for file create_dataset.py\nUpload successful: create_dataset.py (10KB)\nStarting upload for file fin_etl_online.py\nUpload successful: fin_etl_online.py (10KB)\nDataset version is being created. Please check progress at https://www.kaggle.com/takkawa/jpx-modules3\n"
2022-07-04 12:45:04,315 - Log - INFO - ./upload_py3
2022-07-04 12:45:04,339 - Log - INFO - {'title': 'jpx-modules3', 'id': 'takkawa/jpx-modules3', 'subtitle': '', 'description': '', 'isPrivate': True, 'licenses': [{'name': 'unknown'}], 'keywords': [], 'collaborators': [], 'data': [{'description': '01_py', 'name': 'tech_etl_online.py', 'totalBytes': 4723, 'columns': []}, {'description': '01_py', 'name': 'create_dataset.py', 'totalBytes': 9859, 'columns': []}, {'description': '01_py', 'name': 'fin_etl_online.py', 'totalBytes': 9886, 'columns': []}]}
2022-07-04 12:45:04,362 - Log - INFO - ['kaggle', 'datasets', 'version', '-p', './upload_py3', '-m', '01_py']
2022-07-04 12:45:18,376 - Log - INFO - b"Warning: Your Kaggle API key is readable by other users on this system! To fix this, you can run 'chmod 600 /root/.kaggle/kaggle.json'\nStarting upload for file tech_etl_online.py\nUpload successful: tech_etl_online.py (5KB)\nStarting upload for file create_dataset.py\nUpload successful: create_dataset.py (10KB)\nStarting upload for file fin_etl_online.py\nUpload successful: fin_etl_online.py (10KB)\nDataset version is being created. Please check progress at https://www.kaggle.com/takkawa/jpx-modules3\n"
2022-07-04 13:07:13,665 - Log - INFO - ./upload_py3
2022-07-04 13:07:13,707 - Log - INFO - {'title': 'jpx-modules3', 'id': 'takkawa/jpx-modules3', 'subtitle': '', 'description': '', 'isPrivate': True, 'licenses': [{'name': 'unknown'}], 'keywords': [], 'collaborators': [], 'data': [{'description': '01_py', 'name': 'tech_etl_online.py', 'totalBytes': 4723, 'columns': []}, {'description': '01_py', 'name': 'create_dataset.py', 'totalBytes': 9896, 'columns': []}, {'description': '01_py', 'name': 'fin_etl_online.py', 'totalBytes': 9886, 'columns': []}]}
2022-07-04 13:07:13,731 - Log - INFO - ['kaggle', 'datasets', 'version', '-p', './upload_py3', '-m', '01_py']
2022-07-04 13:07:46,554 - Log - INFO - b"Warning: Your Kaggle API key is readable by other users on this system! To fix this, you can run 'chmod 600 /root/.kaggle/kaggle.json'\nStarting upload for file tech_etl_online.py\nUpload successful: tech_etl_online.py (5KB)\nStarting upload for file create_dataset.py\nUpload successful: create_dataset.py (10KB)\nStarting upload for file fin_etl_online.py\nUpload successful: fin_etl_online.py (10KB)\nDataset version is being created. Please check progress at https://www.kaggle.com/takkawa/jpx-modules3\n"
